[30-Aug-2017 04:15:28 UTC] PHP Warning:  fopen(PHP/Accounts/admin.xml): failed to open stream: No such file or directory in /home/ubuntu/workspace/PW Qwezt/PHP/Accounts/creatAcc.php on line 5
[30-Aug-2017 04:15:28 UTC] PHP Stack trace:
[30-Aug-2017 04:15:28 UTC] PHP   1. {main}() /home/ubuntu/workspace/PW Qwezt/PHP/Accounts/creatAcc.php:0
[30-Aug-2017 04:15:28 UTC] PHP   2. fopen() /home/ubuntu/workspace/PW Qwezt/PHP/Accounts/creatAcc.php:5
[30-Aug-2017 04:19:48 UTC] PHP Warning:  fopen(PHP/Accounts/admin.xml): failed to open stream: No such file or directory in /home/ubuntu/workspace/PW Qwezt/PHP/Accounts/creatAcc.php on line 5
[30-Aug-2017 04:19:48 UTC] PHP Stack trace:
[30-Aug-2017 04:19:48 UTC] PHP   1. {main}() /home/ubuntu/workspace/PW Qwezt/PHP/Accounts/creatAcc.php:0
[30-Aug-2017 04:19:48 UTC] PHP   2. fopen() /home/ubuntu/workspace/PW Qwezt/PHP/Accounts/creatAcc.php:5
[30-Aug-2017 04:22:21 UTC] PHP Warning:  fopen(PHP/Accounts/admin.xml): failed to open stream: No such file or directory in /home/ubuntu/workspace/PW Qwezt/PHP/Accounts/creatAcc.php on line 5
[30-Aug-2017 04:22:21 UTC] PHP Stack trace:
[30-Aug-2017 04:22:21 UTC] PHP   1. {main}() /home/ubuntu/workspace/PW Qwezt/PHP/Accounts/creatAcc.php:0
[30-Aug-2017 04:22:21 UTC] PHP   2. fopen() /home/ubuntu/workspace/PW Qwezt/PHP/Accounts/creatAcc.php:5
[30-Aug-2017 04:23:53 UTC] PHP Warning:  fopen(PHP/Accounts/admin.xml): failed to open stream: No such file or directory in /home/ubuntu/workspace/PW Qwezt/PHP/Accounts/creatAcc.php on line 5
[30-Aug-2017 04:23:53 UTC] PHP Stack trace:
[30-Aug-2017 04:23:53 UTC] PHP   1. {main}() /home/ubuntu/workspace/PW Qwezt/PHP/Accounts/creatAcc.php:0
[30-Aug-2017 04:23:53 UTC] PHP   2. fopen() /home/ubuntu/workspace/PW Qwezt/PHP/Accounts/creatAcc.php:5
[30-Aug-2017 04:34:22 UTC] PHP Warning:  fopen(PHP/Accounts/admin.xml): failed to open stream: No such file or directory in /home/ubuntu/workspace/PW Qwezt/PHP/Accounts/creatAcc.php on line 5
[30-Aug-2017 04:34:22 UTC] PHP Stack trace:
[30-Aug-2017 04:34:22 UTC] PHP   1. {main}() /home/ubuntu/workspace/PW Qwezt/PHP/Accounts/creatAcc.php:0
[30-Aug-2017 04:34:22 UTC] PHP   2. fopen() /home/ubuntu/workspace/PW Qwezt/PHP/Accounts/creatAcc.php:5
[30-Aug-2017 04:35:30 UTC] PHP Warning:  fopen(PHP/Accounts/admin.xml): failed to open stream: No such file or directory in /home/ubuntu/workspace/PW Qwezt/PHP/Accounts/creatAcc.php on line 5
[30-Aug-2017 04:35:30 UTC] PHP Stack trace:
[30-Aug-2017 04:35:30 UTC] PHP   1. {main}() /home/ubuntu/workspace/PW Qwezt/PHP/Accounts/creatAcc.php:0
[30-Aug-2017 04:35:30 UTC] PHP   2. fopen() /home/ubuntu/workspace/PW Qwezt/PHP/Accounts/creatAcc.php:5
[30-Aug-2017 04:40:05 UTC] PHP Warning:  fopen(PHP/Accounts/admin.xml): failed to open stream: No such file or directory in /home/ubuntu/workspace/PW Qwezt/PHP/Accounts/updateAcc.php on line 5
[30-Aug-2017 04:40:05 UTC] PHP Stack trace:
[30-Aug-2017 04:40:05 UTC] PHP   1. {main}() /home/ubuntu/workspace/PW Qwezt/PHP/Accounts/updateAcc.php:0
[30-Aug-2017 04:40:05 UTC] PHP   2. fopen() /home/ubuntu/workspace/PW Qwezt/PHP/Accounts/updateAcc.php:5
[30-Aug-2017 04:49:30 UTC] PHP Warning:  fopen(PHP/Accounts/admin.xml): failed to open stream: No such file or directory in /home/ubuntu/workspace/PW Qwezt/PHP/Accounts/creatAcc.php on line 5
[30-Aug-2017 04:49:30 UTC] PHP Stack trace:
[30-Aug-2017 04:49:30 UTC] PHP   1. {main}() /home/ubuntu/workspace/PW Qwezt/PHP/Accounts/creatAcc.php:0
[30-Aug-2017 04:49:30 UTC] PHP   2. fopen() /home/ubuntu/workspace/PW Qwezt/PHP/Accounts/creatAcc.php:5
[30-Aug-2017 04:51:32 UTC] PHP Warning:  fopen(PHP/Accounts/admin.xml): failed to open stream: No such file or directory in /home/ubuntu/workspace/PW Qwezt/PHP/Accounts/creatAcc.php on line 5
[30-Aug-2017 04:51:32 UTC] PHP Stack trace:
[30-Aug-2017 04:51:32 UTC] PHP   1. {main}() /home/ubuntu/workspace/PW Qwezt/PHP/Accounts/creatAcc.php:0
[30-Aug-2017 04:51:32 UTC] PHP   2. fopen() /home/ubuntu/workspace/PW Qwezt/PHP/Accounts/creatAcc.php:5
[30-Aug-2017 04:52:44 UTC] PHP Warning:  fopen(PHP/Accounts/admin.xml): failed to open stream: No such file or directory in /home/ubuntu/workspace/PW Qwezt/PHP/Accounts/creatAcc.php on line 5
[30-Aug-2017 04:52:44 UTC] PHP Stack trace:
[30-Aug-2017 04:52:44 UTC] PHP   1. {main}() /home/ubuntu/workspace/PW Qwezt/PHP/Accounts/creatAcc.php:0
[30-Aug-2017 04:52:44 UTC] PHP   2. fopen() /home/ubuntu/workspace/PW Qwezt/PHP/Accounts/creatAcc.php:5
[30-Aug-2017 04:54:34 UTC] PHP Warning:  fopen(PHP/Accounts/admin.xml): failed to open stream: No such file or directory in /home/ubuntu/workspace/PW Qwezt/PHP/Accounts/creatAcc.php on line 5
[30-Aug-2017 04:54:34 UTC] PHP Stack trace:
[30-Aug-2017 04:54:34 UTC] PHP   1. {main}() /home/ubuntu/workspace/PW Qwezt/PHP/Accounts/creatAcc.php:0
[30-Aug-2017 04:54:34 UTC] PHP   2. fopen() /home/ubuntu/workspace/PW Qwezt/PHP/Accounts/creatAcc.php:5
[30-Aug-2017 04:56:59 UTC] PHP Warning:  fopen(PHP/Accounts/admin.xml): failed to open stream: No such file or directory in /home/ubuntu/workspace/PW Qwezt/PHP/Accounts/creatAcc.php on line 5
[30-Aug-2017 04:56:59 UTC] PHP Stack trace:
[30-Aug-2017 04:56:59 UTC] PHP   1. {main}() /home/ubuntu/workspace/PW Qwezt/PHP/Accounts/creatAcc.php:0
[30-Aug-2017 04:56:59 UTC] PHP   2. fopen() /home/ubuntu/workspace/PW Qwezt/PHP/Accounts/creatAcc.php:5
[30-Aug-2017 05:04:45 UTC] PHP Warning:  fopen(PHP/Accounts/player2.xml): failed to open stream: No such file or directory in /home/ubuntu/workspace/PW Qwezt/PHP/Accounts/creatAcc.php on line 5
[30-Aug-2017 05:04:45 UTC] PHP Stack trace:
[30-Aug-2017 05:04:45 UTC] PHP   1. {main}() /home/ubuntu/workspace/PW Qwezt/PHP/Accounts/creatAcc.php:0
[30-Aug-2017 05:04:45 UTC] PHP   2. fopen() /home/ubuntu/workspace/PW Qwezt/PHP/Accounts/creatAcc.php:5
[30-Aug-2017 05:14:29 UTC] PHP Warning:  fopen(PHP/Accounts/nibbert69.xml): failed to open stream: No such file or directory in /home/ubuntu/workspace/PW Qwezt/PHP/Accounts/creatAcc.php on line 5
[30-Aug-2017 05:14:29 UTC] PHP Stack trace:
[30-Aug-2017 05:14:29 UTC] PHP   1. {main}() /home/ubuntu/workspace/PW Qwezt/PHP/Accounts/creatAcc.php:0
[30-Aug-2017 05:14:29 UTC] PHP   2. fopen() /home/ubuntu/workspace/PW Qwezt/PHP/Accounts/creatAcc.php:5
[30-Aug-2017 05:18:43 UTC] PHP Warning:  fopen(PHP/Accounts/admin.xml): failed to open stream: No such file or directory in /home/ubuntu/workspace/PW Qwezt/PHP/Accounts/creatAcc.php on line 5
[30-Aug-2017 05:18:43 UTC] PHP Stack trace:
[30-Aug-2017 05:18:43 UTC] PHP   1. {main}() /home/ubuntu/workspace/PW Qwezt/PHP/Accounts/creatAcc.php:0
[30-Aug-2017 05:18:43 UTC] PHP   2. fopen() /home/ubuntu/workspace/PW Qwezt/PHP/Accounts/creatAcc.php:5
[30-Aug-2017 05:25:39 UTC] PHP Warning:  fopen(PHP/Accounts/yeetBoy420.xml): failed to open stream: No such file or directory in /home/ubuntu/workspace/PW Qwezt/PHP/Accounts/creatAcc.php on line 5
[30-Aug-2017 05:25:39 UTC] PHP Stack trace:
[30-Aug-2017 05:25:39 UTC] PHP   1. {main}() /home/ubuntu/workspace/PW Qwezt/PHP/Accounts/creatAcc.php:0
[30-Aug-2017 05:25:39 UTC] PHP   2. fopen() /home/ubuntu/workspace/PW Qwezt/PHP/Accounts/creatAcc.php:5
[30-Aug-2017 05:27:01 UTC] PHP Warning:  fopen(<?xml version='1.0'?><accounts><name>yeetBoy420</name><uID></uID><pass>undefined</pass><cards>69</cards><cDeck></cDeck><weapons></weapons><wDeck></wDeck><effects></effects><eDeck></eDeck><money></money></account>): failed to open stream: No such file or directory in /home/ubuntu/workspace/PW Qwezt/PHP/Accounts/creatAcc.php on line 5
[30-Aug-2017 05:27:01 UTC] PHP Stack trace:
[30-Aug-2017 05:27:01 UTC] PHP   1. {main}() /home/ubuntu/workspace/PW Qwezt/PHP/Accounts/creatAcc.php:0
[30-Aug-2017 05:27:01 UTC] PHP   2. fopen() /home/ubuntu/workspace/PW Qwezt/PHP/Accounts/creatAcc.php:5
[30-Aug-2017 05:27:51 UTC] PHP Warning:  fopen(<?xml version='1.0'?><accounts><name>yeetBoy420</name><uID></uID>poop<pass>undefined</pass><cards>69</cards><cDeck></cDeck><weapons></weapons><wDeck></wDeck><effects></effects><eDeck></eDeck><money></money></account>): failed to open stream: No such file or directory in /home/ubuntu/workspace/PW Qwezt/PHP/Accounts/creatAcc.php on line 5
[30-Aug-2017 05:27:51 UTC] PHP Stack trace:
[30-Aug-2017 05:27:51 UTC] PHP   1. {main}() /home/ubuntu/workspace/PW Qwezt/PHP/Accounts/creatAcc.php:0
[30-Aug-2017 05:27:51 UTC] PHP   2. fopen() /home/ubuntu/workspace/PW Qwezt/PHP/Accounts/creatAcc.php:5
[30-Aug-2017 05:29:14 UTC] PHP Warning:  fopen(<?xml version='1.0'?><accounts><name>yeetBoy420</name><uID></uID>poop<pass>undefined</pass><cards>69</cards><cDeck></cDeck><weapons></weapons><wDeck></wDeck><effects></effects><eDeck></eDeck><money></money></account>): failed to open stream: No such file or directory in /home/ubuntu/workspace/PW Qwezt/PHP/Accounts/creatAcc.php on line 5
[30-Aug-2017 05:29:14 UTC] PHP Stack trace:
[30-Aug-2017 05:29:14 UTC] PHP   1. {main}() /home/ubuntu/workspace/PW Qwezt/PHP/Accounts/creatAcc.php:0
[30-Aug-2017 05:29:14 UTC] PHP   2. fopen() /home/ubuntu/workspace/PW Qwezt/PHP/Accounts/creatAcc.php:5
